#-----------------------------------------------------------
# Vivado v2018.3 (64-bit)
# SW Build 2405991 on Thu Dec  6 23:38:27 MST 2018
# IP Build 2404404 on Fri Dec  7 01:43:56 MST 2018
# Start of session at: Fri Feb  3 14:33:30 2023
# Process ID: 14544
# Current directory: F:/Lab2/Lab2
# Command line: vivado.exe -gui_launcher_event rodinguilauncherevent14256 F:\Lab2\Lab2\Lab2.xpr
# Log file: F:/Lab2/Lab2/vivado.log
# Journal file: F:/Lab2/Lab2\vivado.jou
#-----------------------------------------------------------
start_gui
open_project F:/Lab2/Lab2/Lab2.xpr
CRITICAL WARNING: [Project 1-19] Could not find the file 'C:/Users/APURV003/Desktop/Lab2.xdc'.
Scanning sources...
Finished scanning sources
INFO: [IP_Flow 19-234] Refreshing IP repositories
INFO: [IP_Flow 19-1704] No user IP repositories specified
INFO: [IP_Flow 19-2313] Loaded Vivado IP repository 'C:/Xilinx/Vivado/2018.3/data/ip'.
open_project: Time (s): cpu = 00:00:16 ; elapsed = 00:00:12 . Memory (MB): peak = 803.555 ; gain = 169.102
update_compile_order -fileset sources_1
exit
INFO: [Common 17-206] Exiting Vivado at Fri Feb  3 15:46:27 2023...
failed: ERROR: [Common 17-685] Unable to load Tcl app xilinx::xsim

exit
INFO: [Common 17-206] Exiting Vivado at Fri Feb  3 14:34:44 2023...
